
ROM used: 455 (6%)
          455 (6%) including unused fragments

          1 Average locations per line
          5 Average locations per statement

RAM used: 10 (3%) at main() level
          28 (8%) worst case

Stack used: 5 worst case (out of 8 total available)

Lines Stmts  %   Files
----- ----- ---  -----
   34    18  21  adc.c
  281     0   0  D:\Program Files\PICC\devices\16f877.h
  162    68  79  D:\Program Files\PICC\drivers\lcd420.c
----- -----
  477    86 Total

Page ROM  %  RAM   Vol Diff  Functions:
---- --- --- ---   --- ----  ----------
0     21   5   1             @delay_ms1
0      8   2   0             @const52
 Inline        3   463  4.3  lcd_read_byte
0     12   3   1   134  2.2  lcd_send_nibble
0     58  13   3   317  4.3  lcd_send_byte
0     44  10   2   422  4.7  lcd_init
0     27   6   3   321  5.5  lcd_gotoxy
0      8   2   0             @goto10076
0     40   9   1   308  5.0  lcd_putc
0    103  23   1   442  2.8  MAIN
0     17   4   0             @const83
0     12   3   0             @const84
0    101  22   9             @PRINTF_LU_74

Program metrics:
    Functions               7
    Statements              86
    Comments                121
    Volume (V)              3660
    Difficilty (D)          28.0
    Effort to implement (E) 102510
    Time to implement (T)   1 hours, 35 minutes
    Est Delivered Bugs (B)  1
    Cyclomatic Complexity   10
    Maintainability (MI)    105

 Segment     Used  Free
-----------  ----  ----
00000-00003     4  0  
00004-007FF   451  1593  
00800-00FFF     0  2048  
01000-017FF     0  2048  
01800-01FFF     0  2048  



