
ROM used: 378 (5%)
          378 (5%) including unused fragments

          1 Average locations per line
          5 Average locations per statement

RAM used: 9 (2%) at main() level
          19 (5%) worst case

Stack used: 5 worst case (out of 8 total available)

Lines Stmts  %   Files
----- ----- ---  -----
   23    12  15  LCD.c
  281     0   0  D:\Program Files\PICC\devices\16f877.h
  162    68  85  D:\Program Files\PICC\drivers\lcd420.C
----- -----
  466    80 Total

Page ROM  %  RAM   Vol Diff  Functions:
---- --- --- ---   --- ----  ----------
0     21   6   1             @delay_ms1
0      8   2   0             @const52
 Inline        3   463  4.3  lcd_read_byte
0     12   3   1   134  2.2  lcd_send_nibble
0     58  15   3   317  4.3  lcd_send_byte
0     44  12   2   422  4.7  lcd_init
0     27   7   3   321  5.5  lcd_gotoxy
0      8   2   0             @goto10076
0     40  11   1   308  5.0  lcd_putc
0     62  16   2   313  3.6  MAIN
0      6   2   0             @const83
0     12   3   0             @const84
0     21   6   3             @DIV88
0     55  15   2             @PRINTF_U_74

Program metrics:
    Functions               7
    Statements              80
    Comments                121
    Volume (V)              3480
    Difficilty (D)          28.6
    Effort to implement (E) 99699
    Time to implement (T)   1 hours, 32 minutes
    Est Delivered Bugs (B)  1
    Cyclomatic Complexity   12
    Maintainability (MI)    107

 Segment     Used  Free
-----------  ----  ----
00000-00003     4  0  
00004-007FF   374  1670  
00800-00FFF     0  2048  
01000-017FF     0  2048  
01800-01FFF     0  2048  



