
ROM used: 111 (1%)
          111 (1%) including unused fragments

          0 Average locations per line
          6 Average locations per statement

RAM used: 8 (2%) at main() level
          9 (2%) worst case

Stack used: 1 worst case (out of 8 total available)

Lines Stmts  %   Files
----- ----- ---  -----
   36    18 100  yürüyen ýþýk.c
  281     0   0  D:\Program Files\PICC\devices\16f877.h
----- -----
  317    18 Total

Page ROM  %  RAM   Vol Diff  Functions:
---- --- --- ---   --- ----  ----------
0     21  19   1             @delay_ms1
0     86  77   2   501  6.2  main

Program metrics:
    Functions               1
    Statements              18
    Comments                81
    Volume (V)              503
    Difficilty (D)          6.0
    Effort to implement (E) 3036
    Time to implement (T)   3 minutes
    Est Delivered Bugs (B)  0
    Cyclomatic Complexity   4
    Maintainability (MI)    140

 Segment     Used  Free
-----------  ----  ----
00000-00003     4  0  
00004-007FF   107  1937  
00800-00FFF     0  2048  
01000-017FF     0  2048  
01800-01FFF     0  2048  



