
ROM used: 701 (9%)
          701 (9%) including unused fragments

          1 Average locations per line
          8 Average locations per statement

RAM used: 99 (27%) at main() level
          115 (31%) worst case

Stack used: 7 worst case (out of 3 total available)

Lines Stmts  %   Files
----- ----- ---  -----
   35    16  19  seri.c
  281     0   0  D:\Program Files\PICC\devices\16f877.h
  162    68  81  D:\Program Files\PICC\drivers\lcd420.c
----- -----
  478    84 Total

Page ROM  %  RAM   Vol Diff  Functions:
---- --- --- ---   --- ----  ----------
0     21   3   1             @delay_ms1
0      8   1   0             @const52
0     39   6   3   463  4.3  lcd_read_byte
0     14   2   1   134  2.2  lcd_send_nibble
0     41   6   3   317  4.3  lcd_send_byte
 Inline        2   422  4.7  lcd_init
0     37   5   3   321  5.5  lcd_gotoxy
0      8   1   0             @goto10076
0     53   8   1   308  5.0  lcd_putc
0    120  17   3   160  1.7  serihaber_kesme
0     28   4   0             @const86
0     41   6   0             @const88
0    189  27   2   145  1.6  MAIN
0     49   7   0             @const92

Program metrics:
    Functions               8
    Statements              84
    Comments                115
    Volume (V)              3561
    Difficilty (D)          28.5
    Effort to implement (E) 101306
    Time to implement (T)   1 hours, 34 minutes
    Est Delivered Bugs (B)  1
    Cyclomatic Complexity   10
    Maintainability (MI)    81

 Segment     Used  Free
-----------  ----  ----
00000-00003     4  0  
00004-00034    49  0  
00035-007FF   648  1347  
00800-00FFF     0  2048  
01000-017FF     0  2048  
01800-01FFF     0  2048  



