
ROM used: 107 (1%)
          107 (1%) including unused fragments

          0 Average locations per line
          9 Average locations per statement

RAM used: 9 (2%) at main() level
          10 (3%) worst case

Stack used: 1 worst case (out of 8 total available)

Lines Stmts  %   Files
----- ----- ---  -----
   62    12 100  PWM.c
  281     0   0  D:\Program Files\PICC\devices\16f877.h
----- -----
  343    12 Total

Page ROM  %  RAM   Vol Diff  Functions:
---- --- --- ---   --- ----  ----------
0     20  19   1             @delay_ms1
0     83  78   2   272  2.8  main

Program metrics:
    Functions               1
    Statements              12
    Comments                138
    Volume (V)              275
    Difficilty (D)          2.7
    Effort to implement (E) 736
    Time to implement (T)   1 minutes
    Est Delivered Bugs (B)  0
    Cyclomatic Complexity   1
    Maintainability (MI)    71

 Segment     Used  Free
-----------  ----  ----
00000-00003     4  0  
00004-007FF   103  1941  
00800-00FFF     0  2048  
01000-017FF     0  2048  
01800-01FFF     0  2048  



