
ROM used: 630 (8%)
          630 (8%) including unused fragments

          1 Average locations per line
          6 Average locations per statement

RAM used: 21 (6%) at main() level
          42 (11%) worst case

Stack used: 10 worst case (out of 2 total available)

Lines Stmts  %   Files
----- ----- ---  -----
   57    36  35  10_kere.c
  285     0   0  C:\Program Files\PICC\devices\16f877.h
  162    68  65  C:\Program Files\PICC\drivers\lcd420.c
----- -----
  504   104 Total

Page ROM  %  RAM   Vol Diff  Functions:
---- --- --- ---   --- ----  ----------
0     21   3   1             @delay_ms1
0      8   1   0             @const52
0     33   5   3   463  4.3  lcd_read_byte
0     12   2   1   134  2.2  lcd_send_nibble
0     27   4   3   317  4.3  lcd_send_byte
 Inline        2   422  4.7  lcd_init
0     27   4   3   321  5.5  lcd_gotoxy
0      8   1   0             @goto10076
0     40   6   1   308  5.0  lcd_putc
0     89  14   1   510  4.2  timer0_kesmesi
0     15   2   0             @const84
0     21   3   3             @DIV88
0     53   8   2             @PRINTF_U_74
0    191  30   1   357  2.7  MAIN
0      6   1   0             @const95
0     17   3   0             @const96
0     11   2   0             @const97

Program metrics:
    Functions               8
    Statements              104
    Comments                127
    Volume (V)              4403
    Difficilty (D)          31.8
    Effort to implement (E) 139934
    Time to implement (T)   2 hours, 10 minutes
    Est Delivered Bugs (B)  1
    Cyclomatic Complexity   11
    Maintainability (MI)    91

 Segment     Used  Free
-----------  ----  ----
00000-00003     4  0  
00004-00032    47  0  
00033-007FF   579  1418  
00800-00FFF     0  2048  
01000-017FF     0  2048  
01800-01FFF     0  2048  



