
ROM used: 60 (1%)
          60 (1%) including unused fragments

          0 Average locations per line
          6 Average locations per statement

RAM used: 7 (2%) at main() level
          7 (2%) worst case

Stack used: 1 worst case (out of 8 total available)

Lines Stmts  %   Files
----- ----- ---  -----
   27    10 100  start_stop.c
  281     0   0  D:\Program Files\PICC\devices\16f877.h
----- -----
  308    10 Total

Page ROM  %  RAM   Vol Diff  Functions:
---- --- --- ---   --- ----  ----------
0     21  35   1             @delay_ms1
0     35  58   1   172  2.6  main

Program metrics:
    Functions               1
    Statements              10
    Comments                73
    Volume (V)              174
    Difficilty (D)          2.5
    Effort to implement (E) 436
    Time to implement (T)   0 minutes
    Est Delivered Bugs (B)  0
    Cyclomatic Complexity   2
    Maintainability (MI)    137

 Segment     Used  Free
-----------  ----  ----
00000-00003     4  0  
00004-007FF    56  1988  
00800-00FFF     0  2048  
01000-017FF     0  2048  
01800-01FFF     0  2048  



