
ROM used: 182 (2%)
          182 (2%) including unused fragments

          1 Average locations per line
          4 Average locations per statement

RAM used: 11 (3%) at main() level
          11 (3%) worst case

Stack used: 1 worst case (out of 8 total available)

Lines Stmts  %   Files
----- ----- ---  -----
   52    48 100  7_segment_el.c
  281     0   0  D:\Program Files\PICC\devices\16f877.h
----- -----
  333    48 Total

Page ROM  %  RAM   Vol Diff  Functions:
---- --- --- ---   --- ----  ----------
0     21  12   1             @delay_ms1
0     14   8   0             @const50
0    143  79   5  1600  7.9  main

Program metrics:
    Functions               1
    Statements              48
    Comments                67
    Volume (V)              1605
    Difficilty (D)          7.8
    Effort to implement (E) 12475
    Time to implement (T)   12 minutes
    Est Delivered Bugs (B)  0
    Cyclomatic Complexity   8
    Maintainability (MI)    74

 Segment     Used  Free
-----------  ----  ----
00000-00003     4  0  
00004-007FF   178  1866  
00800-00FFF     0  2048  
01000-017FF     0  2048  
01800-01FFF     0  2048  



