
ROM used: 61 (1%)
          61 (1%) including unused fragments

          0 Average locations per line
          9 Average locations per statement

RAM used: 7 (2%) at main() level
          8 (2%) worst case

Stack used: 1 worst case (out of 8 total available)

Lines Stmts  %   Files
----- ----- ---  -----
   18     7 100  led_yak.c
  281     0   0  D:\Program Files\PICC\devices\16F877.h
----- -----
  299     7 Total

Page ROM  %  RAM   Vol Diff  Functions:
---- --- --- ---   --- ----  ----------
0     21  34   1             @delay_ms1
0     36  59   1   115  2.1  main

Program metrics:
    Functions               1
    Statements              7
    Comments                72
    Volume (V)              117
    Difficilty (D)          2.0
    Effort to implement (E) 233
    Time to implement (T)   0 minutes
    Est Delivered Bugs (B)  0
    Cyclomatic Complexity   1
    Maintainability (MI)    142

 Segment     Used  Free
-----------  ----  ----
00000-00003     4  0  
00004-007FF    57  1987  
00800-00FFF     0  2048  
01000-017FF     0  2048  
01800-01FFF     0  2048  



