
ROM used: 110 (1%)
          110 (1%) including unused fragments

          0 Average locations per line
          6 Average locations per statement

RAM used: 9 (2%) at main() level
          10 (3%) worst case

Stack used: 1 worst case (out of 8 total available)

Lines Stmts  %   Files
----- ----- ---  -----
   35    17 100  KARA_SÝMSEK_2.c
  309     0   0  D:\Program Files\PICC\devices\16f877a.h
----- -----
  344    17 Total

Page ROM  %  RAM   Vol Diff  Functions:
---- --- --- ---   --- ----  ----------
0     21  19   1             @delay_ms1
0     85  77   2   543  7.6  main

Program metrics:
    Functions               1
    Statements              17
    Comments                77
    Volume (V)              546
    Difficilty (D)          7.5
    Effort to implement (E) 4074
    Time to implement (T)   4 minutes
    Est Delivered Bugs (B)  0
    Cyclomatic Complexity   4
    Maintainability (MI)    134

 Segment     Used  Free
-----------  ----  ----
00000-00003     4  0  
00004-007FF   106  1938  
00800-00FFF     0  2048  
01000-017FF     0  2048  
01800-01FFF     0  2048  



