
ROM used: 773 (9%)
          773 (9%) including unused fragments

          2 Average locations per line
          7 Average locations per statement

RAM used: 15 (4%) at main() level
          33 (9%) worst case

Stack used: 5 worst case (out of 8 total available)

Lines Stmts  %   Files
----- ----- ---  -----
   69    50  42  mth.c
  281     0   0  D:\Program Files\PICC\devices\16f877.h
  162    68  58  D:\Program Files\PICC\drivers\LCD420.C
----- -----
  512   118 Total

Page ROM  %  RAM   Vol Diff  Functions:
---- --- --- ---   --- ----  ----------
0     21   3   1             @delay_ms1
0      8   1   0             @const52
 Inline        3   463  4.3  lcd_read_byte
0     12   2   1   134  2.2  lcd_send_nibble
0     58   8   3   317  4.3  lcd_send_byte
0     44   6   2   422  4.7  lcd_init
0     27   3   3   321  5.5  lcd_gotoxy
0      8   1   0             @goto10080
0     40   5   1   308  5.0  lcd_putc
0    263  34   7  1633  8.3  MAIN
0      6   1   0             @const88
0     13   2   0             @const89
0     17   2   0             @const90
0     20   3   0             @const92
0     13   2   0             @const94
0     21   3   3             @DIV88
0     55   7   2             @PRINTF_U_74
0     23   3   5             @MUL1616
0     19   2   0             @const104
0    101  13   9             @PRINTF_LU_74

Program metrics:
    Functions               7
    Statements              118
    Comments                120
    Volume (V)              5148
    Difficilty (D)          33.1
    Effort to implement (E) 170309
    Time to implement (T)   2 hours, 38 minutes
    Est Delivered Bugs (B)  1
    Cyclomatic Complexity   15
    Maintainability (MI)    97

 Segment     Used  Free
-----------  ----  ----
00000-00003     4  0  
00004-007FF   769  1275  
00800-00FFF     0  2048  
01000-017FF     0  2048  
01800-01FFF     0  2048  



