
ROM used: 572 (7%)
          572 (7%) including unused fragments

          1 Average locations per line
          5 Average locations per statement

RAM used: 33 (9%) at main() level
          35 (10%) worst case

Stack used: 3 worst case (out of 7 total available)

Lines Stmts  %   Files
----- ----- ---  -----
  153   113 100  sifre.c
  309     0   0  D:\Program Files\PICC\devices\16f877A.h
----- -----
  462   113 Total

Page ROM  %  RAM   Vol Diff  Functions:
---- --- --- ---   --- ----  ----------
0     21   4   1             @delay_ms1
0    141  25   2  1256  4.9  tara
0     19   3   1   108  1.7  hata
0    340  59   3  3122  8.9  MAIN

Program metrics:
    Functions               3
    Statements              113
    Comments                81
    Volume (V)              5190
    Difficilty (D)          15.6
    Effort to implement (E) 80964
    Time to implement (T)   1 hours, 15 minutes
    Est Delivered Bugs (B)  1
    Cyclomatic Complexity   25
    Maintainability (MI)    121

 Segment     Used  Free
-----------  ----  ----
00000-00003     4  0  
00004-00032    47  0  
00033-007FF   521  1476  
00800-00FFF     0  2048  
01000-017FF     0  2048  
01800-01FFF     0  2048  



