
ROM used: 530 (6%)
          530 (6%) including unused fragments

          1 Average locations per line
          6 Average locations per statement

RAM used: 20 (5%) at main() level
          41 (11%) worst case

Stack used: 9 worst case (out of 3 total available)

Lines Stmts  %   Files
----- ----- ---  -----
   38    19  22  timer0_kesme.c
  281     0   0  D:\Program Files\PICC\devices\16f877.h
  162    68  78  D:\Program Files\PICC\drivers\lcd420.c
----- -----
  481    87 Total

Page ROM  %  RAM   Vol Diff  Functions:
---- --- --- ---   --- ----  ----------
0     21   4   1             @delay_ms1
0      8   2   0             @const52
0     33   6   3   463  4.3  lcd_read_byte
0     12   2   1   134  2.2  lcd_send_nibble
0     27   5   3   317  4.3  lcd_send_byte
 Inline        2   422  4.7  lcd_init
0     27   5   3   321  5.5  lcd_gotoxy
0      8   2   0             @goto10076
0     40   8   1   308  5.0  lcd_putc
0     82  15   1   117  2.0  timer0_kesmesi
0     15   3   0             @const84
0     21   4   3             @DIV88
 Inline        2             @PRINTF_U_74
0    162  31   1   292  2.7  MAIN
0      6   1   0             @const93
0     17   3   0             @const94

Program metrics:
    Functions               8
    Statements              87
    Comments                121
    Volume (V)              3718
    Difficilty (D)          29.6
    Effort to implement (E) 110213
    Time to implement (T)   1 hours, 42 minutes
    Est Delivered Bugs (B)  1
    Cyclomatic Complexity   10
    Maintainability (MI)    87

 Segment     Used  Free
-----------  ----  ----
00000-00003     4  0  
00004-00032    47  0  
00033-007FF   479  1518  
00800-00FFF     0  2048  
01000-017FF     0  2048  
01800-01FFF     0  2048  



