
ROM used: 141 (2%)
          141 (2%) including unused fragments

          0 Average locations per line
          7 Average locations per statement

RAM used: 14 (4%) at main() level
          15 (4%) worst case

Stack used: 2 worst case (out of 6 total available)

Lines Stmts  %   Files
----- ----- ---  -----
   33    20 100  rb4-7_kesmesi.c
  281     0   0  D:\Program Files\PICC\devices\16f877.h
----- -----
  314    20 Total

Page ROM  %  RAM   Vol Diff  Functions:
---- --- --- ---   --- ----  ----------
0     21  15   1             @delay_ms1
0     52  37   0   285  1.8  rb4_7_kesme
0     17  12   0    48  1.4  MAIN

Program metrics:
    Functions               2
    Statements              20
    Comments                68
    Volume (V)              388
    Difficilty (D)          3.4
    Effort to implement (E) 1325
    Time to implement (T)   1 minutes
    Est Delivered Bugs (B)  0
    Cyclomatic Complexity   4
    Maintainability (MI)    125

 Segment     Used  Free
-----------  ----  ----
00000-00003     4  0  
00004-00032    47  0  
00033-007FF    90  1907  
00800-00FFF     0  2048  
01000-017FF     0  2048  
01800-01FFF     0  2048  



