
ROM used: 126 (2%)
          126 (2%) including unused fragments

          0 Average locations per line
          10 Average locations per statement

RAM used: 17 (5%) at main() level
          18 (5%) worst case

Stack used: 2 worst case (out of 6 total available)

Lines Stmts  %   Files
----- ----- ---  -----
   27    13 100  kesme_rb0.c
  281     0   0  D:\Program Files\PICC\devices\16f877.h
----- -----
  308    13 Total

Page ROM  %  RAM   Vol Diff  Functions:
---- --- --- ---   --- ----  ----------
0     21  17   1             @delay_ms1
0     34  27   0   183  3.1  rb0_kesme
0     20  16   0    67  1.6  MAIN

Program metrics:
    Functions               2
    Statements              13
    Comments                71
    Volume (V)              303
    Difficilty (D)          4.6
    Effort to implement (E) 1381
    Time to implement (T)   1 minutes
    Est Delivered Bugs (B)  0
    Cyclomatic Complexity   1
    Maintainability (MI)    124

 Segment     Used  Free
-----------  ----  ----
00000-00003     4  0  
00004-00032    47  0  
00033-007FF    75  1922  
00800-00FFF     0  2048  
01000-017FF     0  2048  
01800-01FFF     0  2048  



