
ROM used: 508 (6%)
          508 (6%) including unused fragments

          1 Average locations per line
          4 Average locations per statement

RAM used: 9 (2%) at main() level
          18 (5%) worst case

Stack used: 4 worst case (out of 8 total available)

Lines Stmts  %   Files
----- ----- ---  -----
   83    75  52  keypad.c
  281     0   0  D:\Program Files\PICC\devices\16f877.h
  162    68  48  D:\Program Files\PICC\drivers\lcd420.c
----- -----
  526   143 Total

Page ROM  %  RAM   Vol Diff  Functions:
---- --- --- ---   --- ----  ----------
0     21   4   1             @delay_ms1
0      8   2   0             @const52
 Inline        3   463  4.3  lcd_read_byte
0     12   2   1   134  2.2  lcd_send_nibble
0     58  11   3   317  4.3  lcd_send_byte
0     44   9   2   422  4.7  lcd_init
0     27   5   3   321  5.5  lcd_gotoxy
0      8   2   0             @goto10076
0     40   8   1   308  5.0  lcd_putc
0    203  40   1  1732  2.9  KEY_PAD
0     51  10   2   207  2.6  MAIN
0     21   4   0             @const84
0     11   2   0             @const85

Program metrics:
    Functions               8
    Statements              143
    Comments                115
    Volume (V)              5700
    Difficilty (D)          31.4
    Effort to implement (E) 179244
    Time to implement (T)   2 hours, 46 minutes
    Est Delivered Bugs (B)  1
    Cyclomatic Complexity   22
    Maintainability (MI)    70

 Segment     Used  Free
-----------  ----  ----
00000-00003     4  0  
00004-007FF   504  1540  
00800-00FFF     0  2048  
01000-017FF     0  2048  
01800-01FFF     0  2048  



